{"C:\\Users\\Wamuyu\\Documents\\THE JITU\\BACKEND\\Notebook_\\Controllers\\notebookController.js": {"path":"C:\\Users\\Wamuyu\\Documents\\THE JITU\\BACKEND\\Notebook_\\Controllers\\notebookController.js","statementMap":{"0":{"start":{"line":1,"column":13},"end":{"line":1,"column":28}},"1":{"start":{"line":3,"column":13},"end":{"line":3,"column":58}},"2":{"start":{"line":6,"column":23},"end":{"line":63,"column":1}},"3":{"start":{"line":7,"column":4},"end":{"line":62,"column":5}},"4":{"start":{"line":8,"column":19},"end":{"line":8,"column":23}},"5":{"start":{"line":9,"column":28},"end":{"line":9,"column":38}},"6":{"start":{"line":10,"column":51},"end":{"line":10,"column":59}},"7":{"start":{"line":12,"column":8},"end":{"line":18,"column":9}},"8":{"start":{"line":13,"column":12},"end":{"line":17,"column":13}},"9":{"start":{"line":19,"column":8},"end":{"line":26,"column":9}},"10":{"start":{"line":20,"column":12},"end":{"line":25,"column":13}},"11":{"start":{"line":27,"column":8},"end":{"line":35,"column":9}},"12":{"start":{"line":28,"column":12},"end":{"line":33,"column":13}},"13":{"start":{"line":38,"column":27},"end":{"line":38,"column":50}},"14":{"start":{"line":40,"column":8},"end":{"line":44,"column":21}},"15":{"start":{"line":46,"column":8},"end":{"line":51,"column":9}},"16":{"start":{"line":55,"column":8},"end":{"line":60,"column":9}},"17":{"start":{"line":66,"column":21},"end":{"line":90,"column":1}},"18":{"start":{"line":67,"column":4},"end":{"line":88,"column":5}},"19":{"start":{"line":69,"column":23},"end":{"line":69,"column":56}},"20":{"start":{"line":72,"column":8},"end":{"line":77,"column":9}},"21":{"start":{"line":81,"column":8},"end":{"line":86,"column":9}},"22":{"start":{"line":93,"column":20},"end":{"line":117,"column":1}},"23":{"start":{"line":94,"column":4},"end":{"line":115,"column":5}},"24":{"start":{"line":95,"column":19},"end":{"line":95,"column":32}},"25":{"start":{"line":96,"column":23},"end":{"line":96,"column":60}},"26":{"start":{"line":99,"column":8},"end":{"line":104,"column":9}},"27":{"start":{"line":107,"column":8},"end":{"line":107,"column":26}},"28":{"start":{"line":108,"column":8},"end":{"line":113,"column":9}},"29":{"start":{"line":120,"column":23},"end":{"line":147,"column":1}},"30":{"start":{"line":121,"column":4},"end":{"line":146,"column":5}},"31":{"start":{"line":123,"column":19},"end":{"line":123,"column":32}},"32":{"start":{"line":124,"column":23},"end":{"line":124,"column":63}},"33":{"start":{"line":126,"column":8},"end":{"line":131,"column":9}},"34":{"start":{"line":138,"column":8},"end":{"line":143,"column":9}},"35":{"start":{"line":149,"column":21},"end":{"line":180,"column":1}},"36":{"start":{"line":150,"column":4},"end":{"line":179,"column":5}},"37":{"start":{"line":152,"column":19},"end":{"line":152,"column":32}},"38":{"start":{"line":154,"column":51},"end":{"line":154,"column":59}},"39":{"start":{"line":158,"column":8},"end":{"line":158,"column":73}},"40":{"start":{"line":161,"column":8},"end":{"line":166,"column":9}},"41":{"start":{"line":171,"column":8},"end":{"line":176,"column":9}},"42":{"start":{"line":185,"column":19},"end":{"line":197,"column":1}},"43":{"start":{"line":186,"column":20},"end":{"line":186,"column":39}},"44":{"start":{"line":187,"column":17},"end":{"line":187,"column":38}},"45":{"start":{"line":188,"column":18},"end":{"line":188,"column":65}},"46":{"start":{"line":189,"column":16},"end":{"line":189,"column":58}},"47":{"start":{"line":190,"column":18},"end":{"line":190,"column":61}},"48":{"start":{"line":191,"column":20},"end":{"line":191,"column":65}},"49":{"start":{"line":192,"column":20},"end":{"line":192,"column":65}},"50":{"start":{"line":194,"column":4},"end":{"line":194,"column":68}},"51":{"start":{"line":199,"column":0},"end":{"line":205,"column":1}}},"fnMap":{"0":{"name":"(anonymous_0)","decl":{"start":{"line":6,"column":23},"end":{"line":6,"column":24}},"loc":{"start":{"line":6,"column":40},"end":{"line":63,"column":1}},"line":6},"1":{"name":"(anonymous_1)","decl":{"start":{"line":66,"column":21},"end":{"line":66,"column":22}},"loc":{"start":{"line":66,"column":37},"end":{"line":90,"column":1}},"line":66},"2":{"name":"(anonymous_2)","decl":{"start":{"line":93,"column":20},"end":{"line":93,"column":21}},"loc":{"start":{"line":93,"column":37},"end":{"line":117,"column":1}},"line":93},"3":{"name":"(anonymous_3)","decl":{"start":{"line":120,"column":23},"end":{"line":120,"column":24}},"loc":{"start":{"line":120,"column":39},"end":{"line":147,"column":1}},"line":120},"4":{"name":"(anonymous_4)","decl":{"start":{"line":149,"column":21},"end":{"line":149,"column":22}},"loc":{"start":{"line":149,"column":38},"end":{"line":180,"column":1}},"line":149},"5":{"name":"(anonymous_5)","decl":{"start":{"line":185,"column":19},"end":{"line":185,"column":20}},"loc":{"start":{"line":185,"column":32},"end":{"line":197,"column":1}},"line":185}},"branchMap":{"0":{"loc":{"start":{"line":12,"column":8},"end":{"line":18,"column":9}},"type":"if","locations":[{"start":{"line":12,"column":8},"end":{"line":18,"column":9}},{"start":{},"end":{}}],"line":12},"1":{"loc":{"start":{"line":12,"column":11},"end":{"line":12,"column":47}},"type":"binary-expr","locations":[{"start":{"line":12,"column":11},"end":{"line":12,"column":26}},{"start":{"line":12,"column":30},"end":{"line":12,"column":47}}],"line":12},"2":{"loc":{"start":{"line":19,"column":8},"end":{"line":26,"column":9}},"type":"if","locations":[{"start":{"line":19,"column":8},"end":{"line":26,"column":9}},{"start":{},"end":{}}],"line":19},"3":{"loc":{"start":{"line":27,"column":8},"end":{"line":35,"column":9}},"type":"if","locations":[{"start":{"line":27,"column":8},"end":{"line":35,"column":9}},{"start":{},"end":{}}],"line":27}},"s":{"0":1,"1":1,"2":1,"3":4,"4":4,"5":4,"6":4,"7":4,"8":1,"9":3,"10":1,"11":2,"12":1,"13":1,"14":1,"15":1,"16":0,"17":1,"18":0,"19":0,"20":0,"21":0,"22":1,"23":0,"24":0,"25":0,"26":0,"27":0,"28":0,"29":1,"30":0,"31":0,"32":0,"33":0,"34":0,"35":1,"36":0,"37":0,"38":0,"39":0,"40":0,"41":0,"42":1,"43":1,"44":1,"45":1,"46":1,"47":1,"48":1,"49":1,"50":1,"51":1},"f":{"0":4,"1":0,"2":0,"3":0,"4":0,"5":1},"b":{"0":[1,3],"1":[4,2],"2":[1,2],"3":[1,1]},"_coverageSchema":"1a1c01bbd47fc00a2c39e90264f33305004495a9","hash":"854706f8775e97a0b03828afa413f0a29885f0b6"}
}
