TN:
SF:Controllers\notebookController.js
FN:6,(anonymous_0)
FN:66,(anonymous_1)
FN:93,(anonymous_2)
FN:120,(anonymous_3)
FN:149,(anonymous_4)
FN:185,(anonymous_5)
FNF:6
FNH:2
FNDA:4,(anonymous_0)
FNDA:0,(anonymous_1)
FNDA:0,(anonymous_2)
FNDA:0,(anonymous_3)
FNDA:0,(anonymous_4)
FNDA:1,(anonymous_5)
DA:1,1
DA:3,1
DA:6,1
DA:7,4
DA:8,4
DA:9,4
DA:10,4
DA:12,4
DA:13,1
DA:19,3
DA:20,1
DA:27,2
DA:28,1
DA:38,1
DA:40,1
DA:46,1
DA:55,0
DA:66,1
DA:67,0
DA:69,0
DA:72,0
DA:81,0
DA:93,1
DA:94,0
DA:95,0
DA:96,0
DA:99,0
DA:107,0
DA:108,0
DA:120,1
DA:121,0
DA:123,0
DA:124,0
DA:126,0
DA:138,0
DA:149,1
DA:150,0
DA:152,0
DA:154,0
DA:158,0
DA:161,0
DA:171,0
DA:185,1
DA:186,1
DA:187,1
DA:188,1
DA:189,1
DA:190,1
DA:191,1
DA:192,1
DA:194,1
DA:199,1
LF:52
LH:30
BRDA:12,0,0,1
BRDA:12,0,1,3
BRDA:12,1,0,4
BRDA:12,1,1,2
BRDA:19,2,0,1
BRDA:19,2,1,2
BRDA:27,3,0,1
BRDA:27,3,1,1
BRF:8
BRH:8
end_of_record
